[11-Apr-2017 08:40:43 UTC] PHP Parse error:  syntax error, unexpected end of file in /home/ubuntu/workspace/internetprog/shop/index.php on line 103
[11-Apr-2017 08:41:03 UTC] PHP Parse error:  syntax error, unexpected end of file in /home/ubuntu/workspace/internetprog/shop/index.php on line 103
[11-Apr-2017 08:43:54 UTC] PHP Parse error:  syntax error, unexpected end of file in /home/ubuntu/workspace/internetprog/shop/index.php on line 103
[11-Apr-2017 09:48:20 UTC] PHP Parse error:  syntax error, unexpected '}', expecting ',' or ';' in /home/ubuntu/workspace/internetprog/shop/tovar.php on line 66
[11-Apr-2017 10:55:14 UTC] PHP Warning:  include(massiv.php): failed to open stream: No such file or directory in /home/ubuntu/workspace/internetprog/shop/index.php on line 4
[11-Apr-2017 10:55:14 UTC] PHP Stack trace:
[11-Apr-2017 10:55:14 UTC] PHP   1. {main}() /home/ubuntu/workspace/internetprog/shop/index.php:0
[11-Apr-2017 10:55:14 UTC] PHP Warning:  include(): Failed opening 'massiv.php' for inclusion (include_path='.:/usr/share/php:/usr/share/pear') in /home/ubuntu/workspace/internetprog/shop/index.php on line 4
[11-Apr-2017 10:55:14 UTC] PHP Stack trace:
[11-Apr-2017 10:55:14 UTC] PHP   1. {main}() /home/ubuntu/workspace/internetprog/shop/index.php:0
[11-Apr-2017 10:56:56 UTC] PHP Parse error:  syntax error, unexpected 'file_exists' (T_STRING), expecting '(' in /home/ubuntu/workspace/internetprog/shop/index.php on line 4
[11-Apr-2017 10:56:57 UTC] PHP Parse error:  syntax error, unexpected 'file_exists' (T_STRING), expecting '(' in /home/ubuntu/workspace/internetprog/shop/index.php on line 4
[11-Apr-2017 10:57:39 UTC] PHP Parse error:  syntax error, unexpected 'file_exists' (T_STRING), expecting '(' in /home/ubuntu/workspace/internetprog/shop/index.php on line 4
[11-Apr-2017 10:58:43 UTC] PHP Parse error:  syntax error, unexpected 'file_exists' (T_STRING), expecting '(' in /home/ubuntu/workspace/internetprog/shop/index.php on line 7
[11-Apr-2017 12:28:28 UTC] PHP Parse error:  syntax error, unexpected 'bg' (T_STRING), expecting ',' or ';' in /home/ubuntu/workspace/internetprog/shop/basket.php on line 115
[11-Apr-2017 12:28:53 UTC] PHP Parse error:  syntax error, unexpected ''bg-success'' (T_CONSTANT_ENCAPSED_STRING), expecting ',' or ';' in /home/ubuntu/workspace/internetprog/shop/basket.php on line 115
[11-Apr-2017 13:51:02 UTC] PHP Warning:  array_sum() expects parameter 1 to be array, null given in /home/ubuntu/workspace/internetprog/shop/index.php on line 49
[11-Apr-2017 13:51:02 UTC] PHP Stack trace:
[11-Apr-2017 13:51:02 UTC] PHP   1. {main}() /home/ubuntu/workspace/internetprog/shop/index.php:0
[11-Apr-2017 13:51:02 UTC] PHP   2. array_sum() /home/ubuntu/workspace/internetprog/shop/index.php:49
[11-Apr-2017 14:35:30 UTC] PHP Parse error:  syntax error, unexpected ')' in /home/ubuntu/workspace/internetprog/shop/basket.php on line 8
[11-Apr-2017 14:36:10 UTC] PHP Parse error:  syntax error, unexpected ')' in /home/ubuntu/workspace/internetprog/shop/basket.php on line 8
